# JRE version: Java(TM) SE Runtime Environment (21.0+35) (build 21+35-LTS-2513)
# Java VM: Java HotSpot(TM) 64-Bit Server VM (21+35-LTS-2513, mixed mode, sharing, tiered, compressed oops, compressed class ptrs, parallel gc, linux-amd64)
GC Precious Log:
 CardTable entry size: 512
 CPUs: 8 total, 8 available
 Memory: 15833M
 Large Page Support: Disabled
 NUMA Support: Disabled
 Compressed Oops: Enabled (32-bit)
 Alignments: Space 512K, Generation 512K, Heap 2M
 Heap Min Capacity: 100M
 Heap Initial Capacity: 100M
 Heap Max Capacity: 1G
 Pre-touch: Disabled
 Parallel Workers: 8
Heap:
 PSYoungGen      total 5120K, used 4098K [0x00000000eab00000, 0x00000000eb200000, 0x0000000100000000)
  eden space 4096K, 86% used [0x00000000eab00000,0x00000000eae74ac8,0x00000000eaf00000)
  from space 1024K, 54% used [0x00000000eb000000,0x00000000eb08c010,0x00000000eb100000)
  to   space 1024K, 0% used [0x00000000eb100000,0x00000000eb100000,0x00000000eb200000)
 ParOldGen       total 172032K, used 133853K [0x00000000c0000000, 0x00000000ca800000, 0x00000000eab00000)
  object space 172032K, 77% used [0x00000000c0000000,0x00000000c82b76f8,0x00000000ca800000)
 Metaspace       used 78918K, committed 80320K, reserved 1179648K
  class space    used 7889K, committed 8512K, reserved 1048576K
GC Heap History (20 events):
Event: 4898.085 GC heap before
{Heap before GC invocations=812 (full 16):
 PSYoungGen      total 5632K, used 5232K [0x00000000eab00000, 0x00000000eb200000, 0x0000000100000000)
  eden space 4096K, 100% used [0x00000000eab00000,0x00000000eaf00000,0x00000000eaf00000)
  from space 1536K, 73% used [0x00000000eaf00000,0x00000000eb01c010,0x00000000eb080000)
  to   space 1536K, 0% used [0x00000000eb080000,0x00000000eb080000,0x00000000eb200000)
 ParOldGen       total 172032K, used 131557K [0x00000000c0000000, 0x00000000ca800000, 0x00000000eab00000)
  object space 172032K, 76% used [0x00000000c0000000,0x00000000c8079538,0x00000000ca800000)
 Metaspace       used 78846K, committed 80256K, reserved 1179648K
  class space    used 7886K, committed 8512K, reserved 1048576K
}
Event: 4898.091 GC heap after
{Heap after GC invocations=812 (full 16):
 PSYoungGen      total 5632K, used 1168K [0x00000000eab00000, 0x00000000eb200000, 0x0000000100000000)
  eden space 4096K, 0% used [0x00000000eab00000,0x00000000eab00000,0x00000000eaf00000)
  from space 1536K, 76% used [0x00000000eb080000,0x00000000eb1a4010,0x00000000eb200000)
  to   space 1536K, 0% used [0x00000000eaf00000,0x00000000eaf00000,0x00000000eb080000)
 ParOldGen       total 172032K, used 131565K [0x00000000c0000000, 0x00000000ca800000, 0x00000000eab00000)
  object space 172032K, 76% used [0x00000000c0000000,0x00000000c807b538,0x00000000ca800000)
 Metaspace       used 78846K, committed 80256K, reserved 1179648K
  class space    used 7886K, committed 8512K, reserved 1048576K
}
Event: 4900.700 GC heap before
{Heap before GC invocations=813 (full 16):
 PSYoungGen      total 5632K, used 5264K [0x00000000eab00000, 0x00000000eb200000, 0x0000000100000000)
  eden space 4096K, 100% used [0x00000000eab00000,0x00000000eaf00000,0x00000000eaf00000)
  from space 1536K, 76% used [0x00000000eb080000,0x00000000eb1a4010,0x00000000eb200000)
  to   space 1536K, 0% used [0x00000000eaf00000,0x00000000eaf00000,0x00000000eb080000)
 ParOldGen       total 172032K, used 131565K [0x00000000c0000000, 0x00000000ca800000, 0x00000000eab00000)
  object space 172032K, 76% used [0x00000000c0000000,0x00000000c807b538,0x00000000ca800000)
 Metaspace       used 78848K, committed 80256K, reserved 1179648K
  class space    used 7886K, committed 8512K, reserved 1048576K
}
Event: 4900.711 GC heap after
{Heap after GC invocations=813 (full 16):
 PSYoungGen      total 5632K, used 1520K [0x00000000eab00000, 0x00000000eb700000, 0x0000000100000000)
  eden space 4096K, 0% used [0x00000000eab00000,0x00000000eab00000,0x00000000eaf00000)
  from space 1536K, 99% used [0x00000000eaf00000,0x00000000eb07c320,0x00000000eb080000)
  to   space 4096K, 0% used [0x00000000eb300000,0x00000000eb300000,0x00000000eb700000)
 ParOldGen       total 172032K, used 133605K [0x00000000c0000000, 0x00000000ca800000, 0x00000000eab00000)
  object space 172032K, 77% used [0x00000000c0000000,0x00000000c82796f8,0x00000000ca800000)
 Metaspace       used 78848K, committed 80256K, reserved 1179648K
  class space    used 7886K, committed 8512K, reserved 1048576K
}
Event: 4900.765 GC heap before
{Heap before GC invocations=814 (full 16):
 PSYoungGen      total 5632K, used 5616K [0x00000000eab00000, 0x00000000eb700000, 0x0000000100000000)
  eden space 4096K, 100% used [0x00000000eab00000,0x00000000eaf00000,0x00000000eaf00000)
  from space 1536K, 99% used [0x00000000eaf00000,0x00000000eb07c320,0x00000000eb080000)
  to   space 4096K, 0% used [0x00000000eb300000,0x00000000eb300000,0x00000000eb700000)
 ParOldGen       total 172032K, used 133605K [0x00000000c0000000, 0x00000000ca800000, 0x00000000eab00000)
  object space 172032K, 77% used [0x00000000c0000000,0x00000000c82796f8,0x00000000ca800000)
 Metaspace       used 78848K, committed 80256K, reserved 1179648K
  class space    used 7886K, committed 8512K, reserved 1048576K
}
Event: 4900.784 GC heap after
{Heap after GC invocations=814 (full 16):
 PSYoungGen      total 7168K, used 2768K [0x00000000eab00000, 0x00000000eb600000, 0x0000000100000000)
  eden space 4096K, 0% used [0x00000000eab00000,0x00000000eab00000,0x00000000eaf00000)
  from space 3072K, 90% used [0x00000000eb300000,0x00000000eb5b4320,0x00000000eb600000)
  to   space 3072K, 0% used [0x00000000eb000000,0x00000000eb000000,0x00000000eb300000)
 ParOldGen       total 172032K, used 133629K [0x00000000c0000000, 0x00000000ca800000, 0x00000000eab00000)
  object space 172032K, 77% used [0x00000000c0000000,0x00000000c827f6f8,0x00000000ca800000)
 Metaspace       used 78848K, committed 80256K, reserved 1179648K
  class space    used 7886K, committed 8512K, reserved 1048576K
}
Event: 4939.476 GC heap before
{Heap before GC invocations=815 (full 16):
 PSYoungGen      total 7168K, used 6864K [0x00000000eab00000, 0x00000000eb600000, 0x0000000100000000)
  eden space 4096K, 99% used [0x00000000eab00000,0x00000000eaefff50,0x00000000eaf00000)
  from space 3072K, 90% used [0x00000000eb300000,0x00000000eb5b4320,0x00000000eb600000)
  to   space 3072K, 0% used [0x00000000eb000000,0x00000000eb000000,0x00000000eb300000)
 ParOldGen       total 172032K, used 133629K [0x00000000c0000000, 0x00000000ca800000, 0x00000000eab00000)
  object space 172032K, 77% used [0x00000000c0000000,0x00000000c827f6f8,0x00000000ca800000)
 Metaspace       used 78851K, committed 80256K, reserved 1179648K
  class space    used 7886K, committed 8512K, reserved 1048576K
}
Event: 4939.480 GC heap after
{Heap after GC invocations=815 (full 16):
 PSYoungGen      total 4608K, used 224K [0x00000000eab00000, 0x00000000eb380000, 0x0000000100000000)
  eden space 4096K, 0% used [0x00000000eab00000,0x00000000eab00000,0x00000000eaf00000)
  from space 512K, 43% used [0x00000000eb000000,0x00000000eb038000,0x00000000eb080000)
  to   space 1536K, 0% used [0x00000000eb200000,0x00000000eb200000,0x00000000eb380000)
 ParOldGen       total 172032K, used 133629K [0x00000000c0000000, 0x00000000ca800000, 0x00000000eab00000)
  object space 172032K, 77% used [0x00000000c0000000,0x00000000c827f6f8,0x00000000ca800000)
 Metaspace       used 78851K, committed 80256K, reserved 1179648K
  class space    used 7886K, committed 8512K, reserved 1048576K
}
Event: 4949.922 GC heap before
{Heap before GC invocations=816 (full 16):
 PSYoungGen      total 4608K, used 4320K [0x00000000eab00000, 0x00000000eb380000, 0x0000000100000000)
  eden space 4096K, 100% used [0x00000000eab00000,0x00000000eaf00000,0x00000000eaf00000)
  from space 512K, 43% used [0x00000000eb000000,0x00000000eb038000,0x00000000eb080000)
  to   space 1536K, 0% used [0x00000000eb200000,0x00000000eb200000,0x00000000eb380000)
 ParOldGen       total 172032K, used 133629K [0x00000000c0000000, 0x00000000ca800000, 0x00000000eab00000)
  object space 172032K, 77% used [0x00000000c0000000,0x00000000c827f6f8,0x00000000ca800000)
 Metaspace       used 78863K, committed 80320K, reserved 1179648K
  class space    used 7886K, committed 8512K, reserved 1048576K
}
Event: 4949.930 GC heap after
{Heap after GC invocations=816 (full 16):
 PSYoungGen      total 4608K, used 336K [0x00000000eab00000, 0x00000000eb280000, 0x0000000100000000)
  eden space 4096K, 0% used [0x00000000eab00000,0x00000000eab00000,0x00000000eaf00000)
  from space 512K, 65% used [0x00000000eb200000,0x00000000eb254010,0x00000000eb280000)
  to   space 512K, 0% used [0x00000000eb000000,0x00000000eb000000,0x00000000eb080000)
 ParOldGen       total 172032K, used 133629K [0x00000000c0000000, 0x00000000ca800000, 0x00000000eab00000)
  object space 172032K, 77% used [0x00000000c0000000,0x00000000c827f6f8,0x00000000ca800000)
 Metaspace       used 78863K, committed 80320K, reserved 1179648K
  class space    used 7886K, committed 8512K, reserved 1048576K
}
Event: 4955.391 GC heap before
{Heap before GC invocations=817 (full 16):
 PSYoungGen      total 4608K, used 4432K [0x00000000eab00000, 0x00000000eb280000, 0x0000000100000000)
  eden space 4096K, 100% used [0x00000000eab00000,0x00000000eaf00000,0x00000000eaf00000)
  from space 512K, 65% used [0x00000000eb200000,0x00000000eb254010,0x00000000eb280000)
  to   space 512K, 0% used [0x00000000eb000000,0x00000000eb000000,0x00000000eb080000)
 ParOldGen       total 172032K, used 133629K [0x00000000c0000000, 0x00000000ca800000, 0x00000000eab00000)
  object space 172032K, 77% used [0x00000000c0000000,0x00000000c827f6f8,0x00000000ca800000)
 Metaspace       used 78883K, committed 80320K, reserved 1179648K
  class space    used 7887K, committed 8512K, reserved 1048576K
}
Event: 4955.396 GC heap after
{Heap after GC invocations=817 (full 16):
 PSYoungGen      total 4608K, used 352K [0x00000000eab00000, 0x00000000eb280000, 0x0000000100000000)
  eden space 4096K, 0% used [0x00000000eab00000,0x00000000eab00000,0x00000000eaf00000)
  from space 512K, 68% used [0x00000000eb000000,0x00000000eb058000,0x00000000eb080000)
  to   space 512K, 0% used [0x00000000eb200000,0x00000000eb200000,0x00000000eb280000)
 ParOldGen       total 172032K, used 133629K [0x00000000c0000000, 0x00000000ca800000, 0x00000000eab00000)
  object space 172032K, 77% used [0x00000000c0000000,0x00000000c827f6f8,0x00000000ca800000)
 Metaspace       used 78883K, committed 80320K, reserved 1179648K
  class space    used 7887K, committed 8512K, reserved 1048576K
}
Event: 4964.729 GC heap before
{Heap before GC invocations=818 (full 16):
 PSYoungGen      total 4608K, used 4447K [0x00000000eab00000, 0x00000000eb280000, 0x0000000100000000)
  eden space 4096K, 99% used [0x00000000eab00000,0x00000000eaefffd0,0x00000000eaf00000)
  from space 512K, 68% used [0x00000000eb000000,0x00000000eb058000,0x00000000eb080000)
  to   space 512K, 0% used [0x00000000eb200000,0x00000000eb200000,0x00000000eb280000)
 ParOldGen       total 172032K, used 133629K [0x00000000c0000000, 0x00000000ca800000, 0x00000000eab00000)
  object space 172032K, 77% used [0x00000000c0000000,0x00000000c827f6f8,0x00000000ca800000)
 Metaspace       used 78886K, committed 80320K, reserved 1179648K
  class space    used 7887K, committed 8512K, reserved 1048576K
}
Event: 4964.736 GC heap after
{Heap after GC invocations=818 (full 16):
 PSYoungGen      total 4608K, used 224K [0x00000000eab00000, 0x00000000eb280000, 0x0000000100000000)
  eden space 4096K, 0% used [0x00000000eab00000,0x00000000eab00000,0x00000000eaf00000)
  from space 512K, 43% used [0x00000000eb200000,0x00000000eb238000,0x00000000eb280000)
  to   space 512K, 0% used [0x00000000eb000000,0x00000000eb000000,0x00000000eb080000)
 ParOldGen       total 172032K, used 133629K [0x00000000c0000000, 0x00000000ca800000, 0x00000000eab00000)
  object space 172032K, 77% used [0x00000000c0000000,0x00000000c827f6f8,0x00000000ca800000)
 Metaspace       used 78886K, committed 80320K, reserved 1179648K
  class space    used 7887K, committed 8512K, reserved 1048576K
}
Event: 4965.225 GC heap before
{Heap before GC invocations=819 (full 16):
 PSYoungGen      total 4608K, used 4319K [0x00000000eab00000, 0x00000000eb280000, 0x0000000100000000)
  eden space 4096K, 99% used [0x00000000eab00000,0x00000000eaefffe0,0x00000000eaf00000)
  from space 512K, 43% used [0x00000000eb200000,0x00000000eb238000,0x00000000eb280000)
  to   space 512K, 0% used [0x00000000eb000000,0x00000000eb000000,0x00000000eb080000)
 ParOldGen       total 172032K, used 133629K [0x00000000c0000000, 0x00000000ca800000, 0x00000000eab00000)
  object space 172032K, 77% used [0x00000000c0000000,0x00000000c827f6f8,0x00000000ca800000)
 Metaspace       used 78889K, committed 80320K, reserved 1179648K
  class space    used 7887K, committed 8512K, reserved 1048576K
}
Event: 4965.261 GC heap after
{Heap after GC invocations=819 (full 16):
 PSYoungGen      total 4608K, used 496K [0x00000000eab00000, 0x00000000eb280000, 0x0000000100000000)
  eden space 4096K, 0% used [0x00000000eab00000,0x00000000eab00000,0x00000000eaf00000)
  from space 512K, 96% used [0x00000000eb000000,0x00000000eb07c010,0x00000000eb080000)
  to   space 1024K, 0% used [0x00000000eb180000,0x00000000eb180000,0x00000000eb280000)
 ParOldGen       total 172032K, used 133813K [0x00000000c0000000, 0x00000000ca800000, 0x00000000eab00000)
  object space 172032K, 77% used [0x00000000c0000000,0x00000000c82ad6f8,0x00000000ca800000)
 Metaspace       used 78889K, committed 80320K, reserved 1179648K
  class space    used 7887K, committed 8512K, reserved 1048576K
}
Event: 4966.961 GC heap before
{Heap before GC invocations=820 (full 16):
 PSYoungGen      total 4608K, used 4592K [0x00000000eab00000, 0x00000000eb280000, 0x0000000100000000)
  eden space 4096K, 99% used [0x00000000eab00000,0x00000000eaeffff0,0x00000000eaf00000)
  from space 512K, 96% used [0x00000000eb000000,0x00000000eb07c010,0x00000000eb080000)
  to   space 1024K, 0% used [0x00000000eb180000,0x00000000eb180000,0x00000000eb280000)
 ParOldGen       total 172032K, used 133813K [0x00000000c0000000, 0x00000000ca800000, 0x00000000eab00000)
  object space 172032K, 77% used [0x00000000c0000000,0x00000000c82ad6f8,0x00000000ca800000)
 Metaspace       used 78895K, committed 80320K, reserved 1179648K
  class space    used 7888K, committed 8512K, reserved 1048576K
}
Event: 4966.969 GC heap after
{Heap after GC invocations=820 (full 16):
 PSYoungGen      total 4608K, used 464K [0x00000000eab00000, 0x00000000eb200000, 0x0000000100000000)
  eden space 4096K, 0% used [0x00000000eab00000,0x00000000eab00000,0x00000000eaf00000)
  from space 512K, 90% used [0x00000000eb180000,0x00000000eb1f4010,0x00000000eb200000)
  to   space 1024K, 0% used [0x00000000eb000000,0x00000000eb000000,0x00000000eb100000)
 ParOldGen       total 172032K, used 133853K [0x00000000c0000000, 0x00000000ca800000, 0x00000000eab00000)
  object space 172032K, 77% used [0x00000000c0000000,0x00000000c82b76f8,0x00000000ca800000)
 Metaspace       used 78895K, committed 80320K, reserved 1179648K
  class space    used 7888K, committed 8512K, reserved 1048576K
}
Event: 4975.556 GC heap before
{Heap before GC invocations=821 (full 16):
 PSYoungGen      total 4608K, used 4559K [0x00000000eab00000, 0x00000000eb200000, 0x0000000100000000)
  eden space 4096K, 99% used [0x00000000eab00000,0x00000000eaefffd8,0x00000000eaf00000)
  from space 512K, 90% used [0x00000000eb180000,0x00000000eb1f4010,0x00000000eb200000)
  to   space 1024K, 0% used [0x00000000eb000000,0x00000000eb000000,0x00000000eb100000)
 ParOldGen       total 172032K, used 133853K [0x00000000c0000000, 0x00000000ca800000, 0x00000000eab00000)
  object space 172032K, 77% used [0x00000000c0000000,0x00000000c82b76f8,0x00000000ca800000)
 Metaspace       used 78907K, committed 80320K, reserved 1179648K
  class space    used 7888K, committed 8512K, reserved 1048576K
}
Event: 4975.563 GC heap after
{Heap after GC invocations=821 (full 16):
 PSYoungGen      total 5120K, used 560K [0x00000000eab00000, 0x00000000eb200000, 0x0000000100000000)
  eden space 4096K, 0% used [0x00000000eab00000,0x00000000eab00000,0x00000000eaf00000)
  from space 1024K, 54% used [0x00000000eb000000,0x00000000eb08c010,0x00000000eb100000)
  to   space 1024K, 0% used [0x00000000eb100000,0x00000000eb100000,0x00000000eb200000)
 ParOldGen       total 172032K, used 133853K [0x00000000c0000000, 0x00000000ca800000, 0x00000000eab00000)
  object space 172032K, 77% used [0x00000000c0000000,0x00000000c82b76f8,0x00000000ca800000)
 Metaspace       used 78907K, committed 80320K, reserved 1179648K
  class space    used 7888K, committed 8512K, reserved 1048576K
}

