# JRE version: Java(TM) SE Runtime Environment (21.0+35) (build 21+35-LTS-2513)
# Java VM: Java HotSpot(TM) 64-Bit Server VM (21+35-LTS-2513, mixed mode, sharing, tiered, compressed oops, compressed class ptrs, parallel gc, linux-amd64)
GC Precious Log:
 CardTable entry size: 512
 CPUs: 8 total, 8 available
 Memory: 15833M
 Large Page Support: Disabled
 NUMA Support: Disabled
 Compressed Oops: Enabled (32-bit)
 Alignments: Space 512K, Generation 512K, Heap 2M
 Heap Min Capacity: 100M
 Heap Initial Capacity: 100M
 Heap Max Capacity: 1G
 Pre-touch: Disabled
 Parallel Workers: 8
Heap:
 PSYoungGen      total 5120K, used 3753K [0x00000000eab00000, 0x00000000eb380000, 0x0000000100000000)
  eden space 4096K, 70% used [0x00000000eab00000,0x00000000eadd26b0,0x00000000eaf00000)
  from space 1024K, 84% used [0x00000000eb280000,0x00000000eb358020,0x00000000eb380000)
  to   space 1536K, 0% used [0x00000000eb080000,0x00000000eb080000,0x00000000eb200000)
 ParOldGen       total 136192K, used 110946K [0x00000000c0000000, 0x00000000c8500000, 0x00000000eab00000)
  object space 136192K, 81% used [0x00000000c0000000,0x00000000c6c58a60,0x00000000c8500000)
 Metaspace       used 90689K, committed 92160K, reserved 1179648K
  class space    used 8883K, committed 9536K, reserved 1048576K
GC Heap History (20 events):
Event: 112191.839 GC heap before
{Heap before GC invocations=7422 (full 77):
 PSYoungGen      total 5632K, used 5264K [0x00000000eab00000, 0x00000000eb500000, 0x0000000100000000)
  eden space 3072K, 100% used [0x00000000eab00000,0x00000000eae00000,0x00000000eae00000)
  from space 2560K, 85% used [0x00000000eb280000,0x00000000eb4a4320,0x00000000eb500000)
  to   space 3072K, 0% used [0x00000000eaf00000,0x00000000eaf00000,0x00000000eb200000)
 ParOldGen       total 136192K, used 103048K [0x00000000c0000000, 0x00000000c8500000, 0x00000000eab00000)
  object space 136192K, 75% used [0x00000000c0000000,0x00000000c64a2398,0x00000000c8500000)
 Metaspace       used 90681K, committed 92160K, reserved 1179648K
  class space    used 8883K, committed 9536K, reserved 1048576K
}
Event: 112191.845 GC heap after
{Heap after GC invocations=7422 (full 77):
 PSYoungGen      total 7168K, used 3056K [0x00000000eab00000, 0x00000000eba00000, 0x0000000100000000)
  eden space 4096K, 0% used [0x00000000eab00000,0x00000000eab00000,0x00000000eaf00000)
  from space 3072K, 99% used [0x00000000eaf00000,0x00000000eb1fc320,0x00000000eb200000)
  to   space 5632K, 0% used [0x00000000eb480000,0x00000000eb480000,0x00000000eba00000)
 ParOldGen       total 136192K, used 105064K [0x00000000c0000000, 0x00000000c8500000, 0x00000000eab00000)
  object space 136192K, 77% used [0x00000000c0000000,0x00000000c669a398,0x00000000c8500000)
 Metaspace       used 90681K, committed 92160K, reserved 1179648K
  class space    used 8883K, committed 9536K, reserved 1048576K
}
Event: 112212.176 GC heap before
{Heap before GC invocations=7423 (full 77):
 PSYoungGen      total 7168K, used 7152K [0x00000000eab00000, 0x00000000eba00000, 0x0000000100000000)
  eden space 4096K, 100% used [0x00000000eab00000,0x00000000eaf00000,0x00000000eaf00000)
  from space 3072K, 99% used [0x00000000eaf00000,0x00000000eb1fc320,0x00000000eb200000)
  to   space 5632K, 0% used [0x00000000eb480000,0x00000000eb480000,0x00000000eba00000)
 ParOldGen       total 136192K, used 105064K [0x00000000c0000000, 0x00000000c8500000, 0x00000000eab00000)
  object space 136192K, 77% used [0x00000000c0000000,0x00000000c669a398,0x00000000c8500000)
 Metaspace       used 90682K, committed 92160K, reserved 1179648K
  class space    used 8883K, committed 9536K, reserved 1048576K
}
Event: 112212.182 GC heap after
{Heap after GC invocations=7423 (full 77):
 PSYoungGen      total 4608K, used 96K [0x00000000eab00000, 0x00000000eb500000, 0x0000000100000000)
  eden space 4096K, 0% used [0x00000000eab00000,0x00000000eab00000,0x00000000eaf00000)
  from space 512K, 18% used [0x00000000eb480000,0x00000000eb498000,0x00000000eb500000)
  to   space 2048K, 0% used [0x00000000eb100000,0x00000000eb100000,0x00000000eb300000)
 ParOldGen       total 136192K, used 105818K [0x00000000c0000000, 0x00000000c8500000, 0x00000000eab00000)
  object space 136192K, 77% used [0x00000000c0000000,0x00000000c6756800,0x00000000c8500000)
 Metaspace       used 90682K, committed 92160K, reserved 1179648K
  class space    used 8883K, committed 9536K, reserved 1048576K
}
Event: 112212.622 GC heap before
{Heap before GC invocations=7424 (full 77):
 PSYoungGen      total 4608K, used 4192K [0x00000000eab00000, 0x00000000eb500000, 0x0000000100000000)
  eden space 4096K, 100% used [0x00000000eab00000,0x00000000eaf00000,0x00000000eaf00000)
  from space 512K, 18% used [0x00000000eb480000,0x00000000eb498000,0x00000000eb500000)
  to   space 2048K, 0% used [0x00000000eb100000,0x00000000eb100000,0x00000000eb300000)
 ParOldGen       total 136192K, used 105818K [0x00000000c0000000, 0x00000000c8500000, 0x00000000eab00000)
  object space 136192K, 77% used [0x00000000c0000000,0x00000000c6756800,0x00000000c8500000)
 Metaspace       used 90689K, committed 92160K, reserved 1179648K
  class space    used 8883K, committed 9536K, reserved 1048576K
}
Event: 112212.625 GC heap after
{Heap after GC invocations=7424 (full 77):
 PSYoungGen      total 6144K, used 192K [0x00000000eab00000, 0x00000000eb500000, 0x0000000100000000)
  eden space 4096K, 0% used [0x00000000eab00000,0x00000000eab00000,0x00000000eaf00000)
  from space 2048K, 9% used [0x00000000eb100000,0x00000000eb130000,0x00000000eb300000)
  to   space 512K, 0% used [0x00000000eb480000,0x00000000eb480000,0x00000000eb500000)
 ParOldGen       total 136192K, used 105826K [0x00000000c0000000, 0x00000000c8500000, 0x00000000eab00000)
  object space 136192K, 77% used [0x00000000c0000000,0x00000000c6758800,0x00000000c8500000)
 Metaspace       used 90689K, committed 92160K, reserved 1179648K
  class space    used 8883K, committed 9536K, reserved 1048576K
}
Event: 112212.644 GC heap before
{Heap before GC invocations=7425 (full 77):
 PSYoungGen      total 6144K, used 4288K [0x00000000eab00000, 0x00000000eb500000, 0x0000000100000000)
  eden space 4096K, 100% used [0x00000000eab00000,0x00000000eaf00000,0x00000000eaf00000)
  from space 2048K, 9% used [0x00000000eb100000,0x00000000eb130000,0x00000000eb300000)
  to   space 512K, 0% used [0x00000000eb480000,0x00000000eb480000,0x00000000eb500000)
 ParOldGen       total 136192K, used 105826K [0x00000000c0000000, 0x00000000c8500000, 0x00000000eab00000)
  object space 136192K, 77% used [0x00000000c0000000,0x00000000c6758800,0x00000000c8500000)
 Metaspace       used 90689K, committed 92160K, reserved 1179648K
  class space    used 8883K, committed 9536K, reserved 1048576K
}
Event: 112212.650 GC heap after
{Heap after GC invocations=7425 (full 77):
 PSYoungGen      total 4608K, used 488K [0x00000000eab00000, 0x00000000eb800000, 0x0000000100000000)
  eden space 4096K, 0% used [0x00000000eab00000,0x00000000eab00000,0x00000000eaf00000)
  from space 512K, 95% used [0x00000000eb480000,0x00000000eb4fa190,0x00000000eb500000)
  to   space 4608K, 0% used [0x00000000eaf00000,0x00000000eaf00000,0x00000000eb380000)
 ParOldGen       total 136192K, used 108930K [0x00000000c0000000, 0x00000000c8500000, 0x00000000eab00000)
  object space 136192K, 79% used [0x00000000c0000000,0x00000000c6a608d0,0x00000000c8500000)
 Metaspace       used 90689K, committed 92160K, reserved 1179648K
  class space    used 8883K, committed 9536K, reserved 1048576K
}
Event: 112212.671 GC heap before
{Heap before GC invocations=7426 (full 77):
 PSYoungGen      total 4608K, used 4584K [0x00000000eab00000, 0x00000000eb800000, 0x0000000100000000)
  eden space 4096K, 100% used [0x00000000eab00000,0x00000000eaf00000,0x00000000eaf00000)
  from space 512K, 95% used [0x00000000eb480000,0x00000000eb4fa190,0x00000000eb500000)
  to   space 4608K, 0% used [0x00000000eaf00000,0x00000000eaf00000,0x00000000eb380000)
 ParOldGen       total 136192K, used 108930K [0x00000000c0000000, 0x00000000c8500000, 0x00000000eab00000)
  object space 136192K, 79% used [0x00000000c0000000,0x00000000c6a608d0,0x00000000c8500000)
 Metaspace       used 90689K, committed 92160K, reserved 1179648K
  class space    used 8883K, committed 9536K, reserved 1048576K
}
Event: 112212.677 GC heap after
{Heap after GC invocations=7426 (full 77):
 PSYoungGen      total 8704K, used 3984K [0x00000000eab00000, 0x00000000eb800000, 0x0000000100000000)
  eden space 4096K, 0% used [0x00000000eab00000,0x00000000eab00000,0x00000000eaf00000)
  from space 4608K, 86% used [0x00000000eaf00000,0x00000000eb2e4320,0x00000000eb380000)
  to   space 4608K, 0% used [0x00000000eb380000,0x00000000eb380000,0x00000000eb800000)
 ParOldGen       total 136192K, used 109415K [0x00000000c0000000, 0x00000000c8500000, 0x00000000eab00000)
  object space 136192K, 80% used [0x00000000c0000000,0x00000000c6ad9e78,0x00000000c8500000)
 Metaspace       used 90689K, committed 92160K, reserved 1179648K
  class space    used 8883K, committed 9536K, reserved 1048576K
}
Event: 112212.698 GC heap before
{Heap before GC invocations=7427 (full 77):
 PSYoungGen      total 8704K, used 8080K [0x00000000eab00000, 0x00000000eb800000, 0x0000000100000000)
  eden space 4096K, 100% used [0x00000000eab00000,0x00000000eaf00000,0x00000000eaf00000)
  from space 4608K, 86% used [0x00000000eaf00000,0x00000000eb2e4320,0x00000000eb380000)
  to   space 4608K, 0% used [0x00000000eb380000,0x00000000eb380000,0x00000000eb800000)
 ParOldGen       total 136192K, used 109415K [0x00000000c0000000, 0x00000000c8500000, 0x00000000eab00000)
  object space 136192K, 80% used [0x00000000c0000000,0x00000000c6ad9e78,0x00000000c8500000)
 Metaspace       used 90689K, committed 92160K, reserved 1179648K
  class space    used 8883K, committed 9536K, reserved 1048576K
}
Event: 112212.702 GC heap after
{Heap after GC invocations=7427 (full 77):
 PSYoungGen      total 7168K, used 2992K [0x00000000eab00000, 0x00000000eb680000, 0x0000000100000000)
  eden space 4096K, 0% used [0x00000000eab00000,0x00000000eab00000,0x00000000eaf00000)
  from space 3072K, 97% used [0x00000000eb380000,0x00000000eb66c320,0x00000000eb680000)
  to   space 3584K, 0% used [0x00000000eaf80000,0x00000000eaf80000,0x00000000eb300000)
 ParOldGen       total 136192K, used 109991K [0x00000000c0000000, 0x00000000c8500000, 0x00000000eab00000)
  object space 136192K, 80% used [0x00000000c0000000,0x00000000c6b69e78,0x00000000c8500000)
 Metaspace       used 90689K, committed 92160K, reserved 1179648K
  class space    used 8883K, committed 9536K, reserved 1048576K
}
Event: 112212.723 GC heap before
{Heap before GC invocations=7428 (full 77):
 PSYoungGen      total 7168K, used 7088K [0x00000000eab00000, 0x00000000eb680000, 0x0000000100000000)
  eden space 4096K, 100% used [0x00000000eab00000,0x00000000eaf00000,0x00000000eaf00000)
  from space 3072K, 97% used [0x00000000eb380000,0x00000000eb66c320,0x00000000eb680000)
  to   space 3584K, 0% used [0x00000000eaf80000,0x00000000eaf80000,0x00000000eb300000)
 ParOldGen       total 136192K, used 109991K [0x00000000c0000000, 0x00000000c8500000, 0x00000000eab00000)
  object space 136192K, 80% used [0x00000000c0000000,0x00000000c6b69e78,0x00000000c8500000)
 Metaspace       used 90689K, committed 92160K, reserved 1179648K
  class space    used 8883K, committed 9536K, reserved 1048576K
}
Event: 112212.729 GC heap after
{Heap after GC invocations=7428 (full 77):
 PSYoungGen      total 7168K, used 2768K [0x00000000eab00000, 0x00000000eb500000, 0x0000000100000000)
  eden space 4096K, 0% used [0x00000000eab00000,0x00000000eab00000,0x00000000eaf00000)
  from space 3072K, 90% used [0x00000000eaf80000,0x00000000eb234320,0x00000000eb280000)
  to   space 2560K, 0% used [0x00000000eb280000,0x00000000eb280000,0x00000000eb500000)
 ParOldGen       total 136192K, used 110453K [0x00000000c0000000, 0x00000000c8500000, 0x00000000eab00000)
  object space 136192K, 81% used [0x00000000c0000000,0x00000000c6bdd718,0x00000000c8500000)
 Metaspace       used 90689K, committed 92160K, reserved 1179648K
  class space    used 8883K, committed 9536K, reserved 1048576K
}
Event: 112213.484 GC heap before
{Heap before GC invocations=7429 (full 77):
 PSYoungGen      total 7168K, used 6864K [0x00000000eab00000, 0x00000000eb500000, 0x0000000100000000)
  eden space 4096K, 100% used [0x00000000eab00000,0x00000000eaf00000,0x00000000eaf00000)
  from space 3072K, 90% used [0x00000000eaf80000,0x00000000eb234320,0x00000000eb280000)
  to   space 2560K, 0% used [0x00000000eb280000,0x00000000eb280000,0x00000000eb500000)
 ParOldGen       total 136192K, used 110453K [0x00000000c0000000, 0x00000000c8500000, 0x00000000eab00000)
  object space 136192K, 81% used [0x00000000c0000000,0x00000000c6bdd718,0x00000000c8500000)
 Metaspace       used 90689K, committed 92160K, reserved 1179648K
  class space    used 8883K, committed 9536K, reserved 1048576K
}
Event: 112213.491 GC heap after
{Heap after GC invocations=7429 (full 77):
 PSYoungGen      total 6656K, used 2288K [0x00000000eab00000, 0x00000000eb500000, 0x0000000100000000)
  eden space 4096K, 0% used [0x00000000eab00000,0x00000000eab00000,0x00000000eaf00000)
  from space 2560K, 89% used [0x00000000eb280000,0x00000000eb4bc320,0x00000000eb500000)
  to   space 2560K, 0% used [0x00000000eb000000,0x00000000eb000000,0x00000000eb280000)
 ParOldGen       total 136192K, used 110461K [0x00000000c0000000, 0x00000000c8500000, 0x00000000eab00000)
  object space 136192K, 81% used [0x00000000c0000000,0x00000000c6bdf718,0x00000000c8500000)
 Metaspace       used 90689K, committed 92160K, reserved 1179648K
  class space    used 8883K, committed 9536K, reserved 1048576K
}
Event: 112213.520 GC heap before
{Heap before GC invocations=7430 (full 77):
 PSYoungGen      total 6656K, used 6384K [0x00000000eab00000, 0x00000000eb500000, 0x0000000100000000)
  eden space 4096K, 100% used [0x00000000eab00000,0x00000000eaf00000,0x00000000eaf00000)
  from space 2560K, 89% used [0x00000000eb280000,0x00000000eb4bc320,0x00000000eb500000)
  to   space 2560K, 0% used [0x00000000eb000000,0x00000000eb000000,0x00000000eb280000)
 ParOldGen       total 136192K, used 110461K [0x00000000c0000000, 0x00000000c8500000, 0x00000000eab00000)
  object space 136192K, 81% used [0x00000000c0000000,0x00000000c6bdf718,0x00000000c8500000)
 Metaspace       used 90689K, committed 92160K, reserved 1179648K
  class space    used 8883K, committed 9536K, reserved 1048576K
}
Event: 112213.526 GC heap after
{Heap after GC invocations=7430 (full 77):
 PSYoungGen      total 6656K, used 2128K [0x00000000eab00000, 0x00000000eb400000, 0x0000000100000000)
  eden space 4096K, 0% used [0x00000000eab00000,0x00000000eab00000,0x00000000eaf00000)
  from space 2560K, 83% used [0x00000000eb000000,0x00000000eb214320,0x00000000eb280000)
  to   space 1536K, 0% used [0x00000000eb280000,0x00000000eb280000,0x00000000eb400000)
 ParOldGen       total 136192K, used 110930K [0x00000000c0000000, 0x00000000c8500000, 0x00000000eab00000)
  object space 136192K, 81% used [0x00000000c0000000,0x00000000c6c54a60,0x00000000c8500000)
 Metaspace       used 90689K, committed 92160K, reserved 1179648K
  class space    used 8883K, committed 9536K, reserved 1048576K
}
Event: 112298.459 GC heap before
{Heap before GC invocations=7431 (full 77):
 PSYoungGen      total 6656K, used 6224K [0x00000000eab00000, 0x00000000eb400000, 0x0000000100000000)
  eden space 4096K, 100% used [0x00000000eab00000,0x00000000eaf00000,0x00000000eaf00000)
  from space 2560K, 83% used [0x00000000eb000000,0x00000000eb214320,0x00000000eb280000)
  to   space 1536K, 0% used [0x00000000eb280000,0x00000000eb280000,0x00000000eb400000)
 ParOldGen       total 136192K, used 110930K [0x00000000c0000000, 0x00000000c8500000, 0x00000000eab00000)
  object space 136192K, 81% used [0x00000000c0000000,0x00000000c6c54a60,0x00000000c8500000)
 Metaspace       used 90689K, committed 92160K, reserved 1179648K
  class space    used 8883K, committed 9536K, reserved 1048576K
}
Event: 112298.483 GC heap after
{Heap after GC invocations=7431 (full 77):
 PSYoungGen      total 5120K, used 864K [0x00000000eab00000, 0x00000000eb380000, 0x0000000100000000)
  eden space 4096K, 0% used [0x00000000eab00000,0x00000000eab00000,0x00000000eaf00000)
  from space 1024K, 84% used [0x00000000eb280000,0x00000000eb358020,0x00000000eb380000)
  to   space 1536K, 0% used [0x00000000eb080000,0x00000000eb080000,0x00000000eb200000)
 ParOldGen       total 136192K, used 110946K [0x00000000c0000000, 0x00000000c8500000, 0x00000000eab00000)
  object space 136192K, 81% used [0x00000000c0000000,0x00000000c6c58a60,0x00000000c8500000)
 Metaspace       used 90689K, committed 92160K, reserved 1179648K
  class space    used 8883K, committed 9536K, reserved 1048576K
}

